Using pre-set license
Built from '2020.3/staging' branch; Version is '2020.3.11f1 (99c7afb366b3) revision 10078127'; Using compiler version '192528614'; Build Type 'Release'
OS: 'Windows 10 Home; OS build 18362.1082; Version 1903; 64bit' Language: 'pl' Physical Memory: 8131 MB
BatchMode: 1, IsHumanControllingUs: 0, StartBugReporterOnCrash: 0, Is64bit: 1, IsPro: 0

 COMMAND LINE ARGUMENTS:
D:\unity\2020.3.11f1\Editor\Unity.exe
-adb2
-batchMode
-noUpm
-name
AssetImportWorker0
-projectPath
D:/Projects/cybSyb/cyberSyberiaRepository/project
-logFile
Logs/AssetImportWorker0.log
-srvPort
62380
Successfully changed project path to: D:/Projects/cybSyb/cyberSyberiaRepository/project
D:/Projects/cybSyb/cyberSyberiaRepository/project
Using Asset Import Pipeline V2.
Refreshing native plugins compatible for Editor in 37.61 ms, found 2 plugins.
Preloading 0 native plugins for Editor in 0.00 ms.
Initialize engine version: 2020.3.11f1 (99c7afb366b3)
[Subsystems] Discovering subsystems at path D:/unity/2020.3.11f1/Editor/Data/Resources/UnitySubsystems
[Subsystems] Discovering subsystems at path D:/Projects/cybSyb/cyberSyberiaRepository/project/Assets
GfxDevice: creating device client; threaded=0
Direct3D:
    Version:  Direct3D 11.0 [level 11.1]
    Renderer: NVIDIA GeForce GTX 1050 Ti (ID=0x1c82)
    Vendor:   
    VRAM:     4018 MB
    Driver:   27.21.14.5671
Initialize mono
Mono path[0] = 'D:/unity/2020.3.11f1/Editor/Data/Managed'
Mono path[1] = 'D:/unity/2020.3.11f1/Editor/Data/MonoBleedingEdge/lib/mono/unityjit'
Mono config path = 'D:/unity/2020.3.11f1/Editor/Data/MonoBleedingEdge/etc'
Using monoOptions --debugger-agent=transport=dt_socket,embedding=1,server=y,suspend=n,address=127.0.0.1:56584
Begin MonoManager ReloadAssembly
Registering precompiled unity dll's ...
Register platform support module: D:/unity/2020.3.11f1/Editor/Data/PlaybackEngines/WindowsStandaloneSupport/UnityEditor.WindowsStandalone.Extensions.dll
Registered in 0.001291 seconds.
Native extension for WindowsStandalone target not found
Refreshing native plugins compatible for Editor in 35.83 ms, found 2 plugins.
Preloading 0 native plugins for Editor in 0.00 ms.
Mono: successfully reloaded assembly
- Completed reload, in 16.301 seconds
Platform modules already initialized, skipping
Registering precompiled user dll's ...
Registered in 0.003883 seconds.
Begin MonoManager ReloadAssembly
Native extension for WindowsStandalone target not found
Refreshing native plugins compatible for Editor in 0.40 ms, found 2 plugins.
Preloading 0 native plugins for Editor in 0.00 ms.
Mono: successfully reloaded assembly
- Completed reload, in  1.894 seconds
Platform modules already initialized, skipping
========================================================================
Worker process is ready to serve import requests
Launched and connected shader compiler UnityShaderCompiler.exe after 0.37 seconds
Refreshing native plugins compatible for Editor in 0.39 ms, found 2 plugins.
Preloading 0 native plugins for Editor in 0.00 ms.
Unloading 1795 Unused Serialized files (Serialized files now loaded: 0)
System memory in use before: 89.2 MB.
System memory in use after: 88.5 MB.

Unloading 37 unused Assets to reduce memory usage. Loaded Objects now: 2209.
Total: 347.360200 ms (FindLiveObjects: 0.172100 ms CreateObjectMapping: 0.064800 ms MarkObjects: 346.668300 ms  DeleteObjects: 0.453100 ms)

========================================================================
Received Import Request.
  path: Assets/New Render Texture.renderTexture
  artifactKey: Guid(214ca5264df03b543ae617e662e8a91c) Importer(815301076,1909f56bfc062723c751e8b465ee728b)
Start importing Assets/New Render Texture.renderTexture using Guid(214ca5264df03b543ae617e662e8a91c) Importer(815301076,1909f56bfc062723c751e8b465ee728b)  -> (artifact id: '3e3a89953f2d60b9f115036a85c27824') in 1.245514 seconds
  Import took 1.249793 seconds .

========================================================================
Received Import Request.
  Time since last request: 0.001610 seconds.
  path: Assets/shot.blend
  artifactKey: Guid(36ccb785940f09a49ad851536e568474) Importer(815301076,1909f56bfc062723c751e8b465ee728b)
Start importing Assets/shot.blend using Guid(36ccb785940f09a49ad851536e568474) Importer(815301076,1909f56bfc062723c751e8b465ee728b)  -> (artifact id: '5b21389470eba449fd0e14282d94ddd6') in 0.139083 seconds
  Import took 0.142015 seconds .

========================================================================
Received Import Request.
  Time since last request: 0.000280 seconds.
  path: Assets/reloadd.blend
  artifactKey: Guid(198f711b8d83f914aa9fbc57ff131e7d) Importer(815301076,1909f56bfc062723c751e8b465ee728b)
Start importing Assets/reloadd.blend using Guid(198f711b8d83f914aa9fbc57ff131e7d) Importer(815301076,1909f56bfc062723c751e8b465ee728b)  -> (artifact id: 'c44b5af3c8ae185e671083bb38960416') in 0.032880 seconds
  Import took 0.035782 seconds .

========================================================================
Received Import Request.
  Time since last request: 0.000307 seconds.
  path: Assets/fingergun.blend
  artifactKey: Guid(b93ed796743abb24f9324c242c87e6fc) Importer(815301076,1909f56bfc062723c751e8b465ee728b)
Start importing Assets/fingergun.blend using Guid(b93ed796743abb24f9324c242c87e6fc) Importer(815301076,1909f56bfc062723c751e8b465ee728b)  -> (artifact id: '51271a2a4dd338bee7b0a000ed2a40bf') in 0.007489 seconds
  Import took 0.010499 seconds .

========================================================================
Received Import Request.
  Time since last request: 0.000295 seconds.
  path: Assets/ブレット.fbx
  artifactKey: Guid(cc98ba1c65488824a8b647d6fcd30a09) Importer(815301076,1909f56bfc062723c751e8b465ee728b)
Start importing Assets/ブレット.fbx using Guid(cc98ba1c65488824a8b647d6fcd30a09) Importer(815301076,1909f56bfc062723c751e8b465ee728b)  -> (artifact id: '0388fd94e8712e714d655817371ee4a3') in 3.677287 seconds
  Import took 3.680189 seconds .

========================================================================
Received Import Request.
  Time since last request: 0.000270 seconds.
  path: Assets/New Material.mat
  artifactKey: Guid(0b1561226753fb444b8d39700f35627c) Importer(815301076,1909f56bfc062723c751e8b465ee728b)
Start importing Assets/New Material.mat using Guid(0b1561226753fb444b8d39700f35627c) Importer(815301076,1909f56bfc062723c751e8b465ee728b)  -> (artifact id: '0b75a5fa8b7039f15838299e5e9e3787') in 0.274122 seconds
  Import took 0.277353 seconds .

========================================================================
Received Import Request.
  Time since last request: 0.000329 seconds.
  path: Assets/random.mat
  artifactKey: Guid(d71dbde38494d92458e2c057ed124722) Importer(815301076,1909f56bfc062723c751e8b465ee728b)
Start importing Assets/random.mat using Guid(d71dbde38494d92458e2c057ed124722) Importer(815301076,1909f56bfc062723c751e8b465ee728b)  -> (artifact id: '8f39d041d8fc780735b650796d679ed2') in 0.015424 seconds
  Import took 0.018530 seconds .

========================================================================
Received Import Request.
  Time since last request: 0.000273 seconds.
  path: Assets/walkinganim.blend
  artifactKey: Guid(d1de7ae7865560947a74dcd3a79ff812) Importer(815301076,1909f56bfc062723c751e8b465ee728b)
Start importing Assets/walkinganim.blend using Guid(d1de7ae7865560947a74dcd3a79ff812) Importer(815301076,1909f56bfc062723c751e8b465ee728b)  -> (artifact id: 'd852613cc4cc0c7689f64abb81efac9c') in 0.006698 seconds
  Import took 0.009331 seconds .

========================================================================
Received Import Request.
  Time since last request: 0.000210 seconds.
  path: Assets/Projekt_bez_tytuu.mp4
  artifactKey: Guid(1e3092d998bfde24983ffe9a82735027) Importer(815301076,1909f56bfc062723c751e8b465ee728b)
Start importing Assets/Projekt_bez_tytuu.mp4 using Guid(1e3092d998bfde24983ffe9a82735027) Importer(815301076,1909f56bfc062723c751e8b465ee728b)  -> (artifact id: 'e22308dd0c5dbd991f68781f41948a5d') in 0.155030 seconds
  Import took 0.157730 seconds .

========================================================================
Received Import Request.
  Time since last request: 3.009312 seconds.
  path: Assets/ブレット.mat
  artifactKey: Guid(1f9f76bc831beb54e9041e72967f56b0) Importer(815301076,1909f56bfc062723c751e8b465ee728b)
Start importing Assets/ブレット.mat using Guid(1f9f76bc831beb54e9041e72967f56b0) Importer(815301076,1909f56bfc062723c751e8b465ee728b)  -> (artifact id: '5c8b64b0d449f34d38e9f7e626b5b7ac') in 0.025093 seconds
  Import took 0.029710 seconds .

========================================================================
Received Import Request.
  Time since last request: 0.000330 seconds.
  path: Assets/ブレットFingerGun.prefab
  artifactKey: Guid(ed57246f3243a444dbb2ff98a1c97b53) Importer(815301076,1909f56bfc062723c751e8b465ee728b)
Start importing Assets/ブレットFingerGun.prefab using Guid(ed57246f3243a444dbb2ff98a1c97b53) Importer(815301076,1909f56bfc062723c751e8b465ee728b)  -> (artifact id: 'b132441637cfc9a7ca2c18dca8fcef4b') in 0.031501 seconds
  Import took 0.034851 seconds .

========================================================================
Received Import Request.
  Time since last request: 0.000261 seconds.
  path: Assets/ブレットAegis.prefab
  artifactKey: Guid(bcb91df1f9b4fc447884fc20fc56921b) Importer(815301076,1909f56bfc062723c751e8b465ee728b)
Start importing Assets/ブレットAegis.prefab using Guid(bcb91df1f9b4fc447884fc20fc56921b) Importer(815301076,1909f56bfc062723c751e8b465ee728b)  -> (artifact id: '1069d226c4596babba8053ea4aeb7042') in 0.014485 seconds
  Import took 0.017354 seconds .

========================================================================
Received Import Request.
  Time since last request: 0.000275 seconds.
  path: Assets/ブレット.prefab
  artifactKey: Guid(e49038b19378c9542b5bd767d4923fb6) Importer(815301076,1909f56bfc062723c751e8b465ee728b)
Start importing Assets/ブレット.prefab using Guid(e49038b19378c9542b5bd767d4923fb6) Importer(815301076,1909f56bfc062723c751e8b465ee728b)  -> (artifact id: '99391fcb154882892260070712a50876') in 0.014138 seconds
  Import took 0.017072 seconds .

========================================================================
Received Import Request.
  Time since last request: 0.000217 seconds.
  path: Assets/ブレットStriker.prefab
  artifactKey: Guid(463c78275e6a16c41ab7289d1fa3b3b5) Importer(815301076,1909f56bfc062723c751e8b465ee728b)
Start importing Assets/ブレットStriker.prefab using Guid(463c78275e6a16c41ab7289d1fa3b3b5) Importer(815301076,1909f56bfc062723c751e8b465ee728b)  -> (artifact id: '195454acffa850a834b8cc312a44df3d') in 0.014114 seconds
  Import took 0.016866 seconds .

========================================================================
Received Import Request.
  Time since last request: 0.000215 seconds.
  path: Assets/ブレットRipper.prefab
  artifactKey: Guid(a81db1a363a1f224ead660aa48421a3b) Importer(815301076,1909f56bfc062723c751e8b465ee728b)
Start importing Assets/ブレットRipper.prefab using Guid(a81db1a363a1f224ead660aa48421a3b) Importer(815301076,1909f56bfc062723c751e8b465ee728b)  -> (artifact id: '8684f031a1bbd65028527a5313f46958') in 0.014209 seconds
  Import took 0.017032 seconds .

========================================================================
Received Import Request.
  Time since last request: 0.000212 seconds.
  path: Assets/ブレットVespid.prefab
  artifactKey: Guid(3c934fb0e64d5bf498dc4dd466f8c17d) Importer(815301076,1909f56bfc062723c751e8b465ee728b)
Start importing Assets/ブレットVespid.prefab using Guid(3c934fb0e64d5bf498dc4dd466f8c17d) Importer(815301076,1909f56bfc062723c751e8b465ee728b)  -> (artifact id: '2cadd26ad233386586c010fcd16f7074') in 0.014562 seconds
  Import took 0.017336 seconds .

========================================================================
Received Prepare
Refreshing native plugins compatible for Editor in 3.59 ms, found 2 plugins.
Preloading 0 native plugins for Editor in 0.00 ms.
Unloading 30 Unused Serialized files (Serialized files now loaded: 0)
System memory in use before: 58.1 MB.
System memory in use after: 57.4 MB.

Unloading 30 unused Assets to reduce memory usage. Loaded Objects now: 2255.
Total: 4.474300 ms (FindLiveObjects: 0.253600 ms CreateObjectMapping: 0.095700 ms MarkObjects: 3.600500 ms  DeleteObjects: 0.522700 ms)

========================================================================
Received Prepare
Refreshing native plugins compatible for Editor in 3.42 ms, found 2 plugins.
Preloading 0 native plugins for Editor in 0.00 ms.
Unloading 30 Unused Serialized files (Serialized files now loaded: 0)
System memory in use before: 58.1 MB.
System memory in use after: 57.4 MB.

Unloading 30 unused Assets to reduce memory usage. Loaded Objects now: 2255.
Total: 49.212800 ms (FindLiveObjects: 0.474300 ms CreateObjectMapping: 0.070100 ms MarkObjects: 48.126300 ms  DeleteObjects: 0.540800 ms)

========================================================================
Received Import Request.
  Time since last request: 6346.327165 seconds.
  path: Assets/_Scenes/Arms_and_AK.blend
  artifactKey: Guid(42383b8f037e26645bac209dd88e8ace) Importer(815301076,1909f56bfc062723c751e8b465ee728b)
Start importing Assets/_Scenes/Arms_and_AK.blend using Guid(42383b8f037e26645bac209dd88e8ace) Importer(815301076,1909f56bfc062723c751e8b465ee728b)  -> (artifact id: '33a56127a447ff95e495b9c8f8aafbe5') in 0.030575 seconds
  Import took 0.035624 seconds .

========================================================================
Received Import Request.
  Time since last request: 0.000298 seconds.
  path: Assets/_Scenes/reload.wav
  artifactKey: Guid(cd483e83d13326441855d09863441a0e) Importer(815301076,1909f56bfc062723c751e8b465ee728b)
Start importing Assets/_Scenes/reload.wav using Guid(cd483e83d13326441855d09863441a0e) Importer(815301076,1909f56bfc062723c751e8b465ee728b)  -> (artifact id: 'fd7cce2d8993bf26123d450db15d0365') in 0.174110 seconds
  Import took 0.177097 seconds .

========================================================================
Received Import Request.
  Time since last request: 0.000299 seconds.
  path: Assets/_Scenes/RoboVespid.prefab
  artifactKey: Guid(1b1b5a7f13531ee4ea1e8e90aa188be4) Importer(815301076,1909f56bfc062723c751e8b465ee728b)
Start importing Assets/_Scenes/RoboVespid.prefab using Guid(1b1b5a7f13531ee4ea1e8e90aa188be4) Importer(815301076,1909f56bfc062723c751e8b465ee728b)  -> (artifact id: 'c96934e9d0bdf72eb9346449465a7dab') in 0.130112 seconds
  Import took 0.133767 seconds .

========================================================================
Received Import Request.
  Time since last request: 0.000306 seconds.
  path: Assets/_Scenes/shot.mp3
  artifactKey: Guid(bdb128a3ffced77489aa615f637b99c8) Importer(815301076,1909f56bfc062723c751e8b465ee728b)
Start importing Assets/_Scenes/shot.mp3 using Guid(bdb128a3ffced77489aa615f637b99c8) Importer(815301076,1909f56bfc062723c751e8b465ee728b)  -> (artifact id: '495991ae7e71544a23de448a65ef011a') in 0.019406 seconds
  Import took 0.022527 seconds .

========================================================================
Received Import Request.
  Time since last request: 0.000235 seconds.
  path: Assets/_Scenes/RoboRipper.prefab
  artifactKey: Guid(ea3b8c3ed705d9145a6e4f3aaa234877) Importer(815301076,1909f56bfc062723c751e8b465ee728b)
Start importing Assets/_Scenes/RoboRipper.prefab using Guid(ea3b8c3ed705d9145a6e4f3aaa234877) Importer(815301076,1909f56bfc062723c751e8b465ee728b)  -> (artifact id: '315bd0574d29d7778594a24beb59fab0') in 0.027810 seconds
  Import took 0.031174 seconds .

========================================================================
Received Import Request.
  Time since last request: 0.000210 seconds.
  path: Assets/_Scenes/metalk.jpg
  artifactKey: Guid(89522175d81e38f4d97fb73307ae122c) Importer(815301076,1909f56bfc062723c751e8b465ee728b)
Start importing Assets/_Scenes/metalk.jpg using Guid(89522175d81e38f4d97fb73307ae122c) Importer(815301076,1909f56bfc062723c751e8b465ee728b)  -> (artifact id: '6f6607dda77cb0c9200479a32b53f547') in 0.145822 seconds
  Import took 0.148595 seconds .

========================================================================
Received Import Request.
  Time since last request: 0.000275 seconds.
  path: Assets/_Scenes/RoboAegis.prefab
  artifactKey: Guid(82d3d94fa90e1334dbf886587a2b79b9) Importer(815301076,1909f56bfc062723c751e8b465ee728b)
Start importing Assets/_Scenes/RoboAegis.prefab using Guid(82d3d94fa90e1334dbf886587a2b79b9) Importer(815301076,1909f56bfc062723c751e8b465ee728b)  -> (artifact id: '260539451094b01ad6441b2e0a822b62') in 0.038628 seconds
  Import took 0.041632 seconds .

========================================================================
Received Import Request.
  Time since last request: 0.000271 seconds.
  path: Assets/_Scenes/wood.jpg
  artifactKey: Guid(ab16fefbd87a89c4bad00964541cb729) Importer(815301076,1909f56bfc062723c751e8b465ee728b)
Start importing Assets/_Scenes/wood.jpg using Guid(ab16fefbd87a89c4bad00964541cb729) Importer(815301076,1909f56bfc062723c751e8b465ee728b)  -> (artifact id: '89f546fd42b4ed44dcffa6da1e30e5b8') in 0.036218 seconds
  Import took 0.039258 seconds .

========================================================================
Received Import Request.
  Time since last request: 0.000280 seconds.
  path: Assets/_Scenes/RoboStriker.prefab
  artifactKey: Guid(3c41a8a834ecedf46855580b9a2d2309) Importer(815301076,1909f56bfc062723c751e8b465ee728b)
Start importing Assets/_Scenes/RoboStriker.prefab using Guid(3c41a8a834ecedf46855580b9a2d2309) Importer(815301076,1909f56bfc062723c751e8b465ee728b)  -> (artifact id: '06d10e5eff91f75ae181a1d698ebe85f') in 0.027773 seconds
  Import took 0.031087 seconds .

========================================================================
Received Import Request.
  Time since last request: 0.000283 seconds.
  path: Assets/_Scenes/Canvas.prefab
  artifactKey: Guid(01c367a7840a86a47b3700387bca6f11) Importer(815301076,1909f56bfc062723c751e8b465ee728b)
Start importing Assets/_Scenes/Canvas.prefab using Guid(01c367a7840a86a47b3700387bca6f11) Importer(815301076,1909f56bfc062723c751e8b465ee728b)  -> (artifact id: '3ae681e8cc433e3625eef42273fd49f1') in 0.094981 seconds
  Import took 0.098088 seconds .

========================================================================
Received Import Request.
  Time since last request: 0.000222 seconds.
  path: Assets/_Scenes/XSSR.png
  artifactKey: Guid(cc3ed60442d428f48ae4a0b02d636506) Importer(815301076,1909f56bfc062723c751e8b465ee728b)
Start importing Assets/_Scenes/XSSR.png using Guid(cc3ed60442d428f48ae4a0b02d636506) Importer(815301076,1909f56bfc062723c751e8b465ee728b)  -> (artifact id: 'ad470c7fe0bec8ebdefadc6fb338e373') in 0.018756 seconds
  Import took 0.021476 seconds .

========================================================================
Received Import Request.
  Time since last request: 1.262656 seconds.
  path: Assets/_Scenes/mapa.unity
  artifactKey: Guid(1a60f474604014740a8165db8dd78e22) Importer(815301076,1909f56bfc062723c751e8b465ee728b)
Start importing Assets/_Scenes/mapa.unity using Guid(1a60f474604014740a8165db8dd78e22) Importer(815301076,1909f56bfc062723c751e8b465ee728b)  -> (artifact id: 'a44add7338fedb3256fe2530a193301c') in 0.005916 seconds
  Import took 0.008785 seconds .

========================================================================
Received Import Request.
  Time since last request: 0.101273 seconds.
  path: Assets/_Scenes/mapa.unity
  artifactKey: Guid(1a60f474604014740a8165db8dd78e22) Importer(815301076,1909f56bfc062723c751e8b465ee728b)
Start importing Assets/_Scenes/mapa.unity using Guid(1a60f474604014740a8165db8dd78e22) Importer(815301076,1909f56bfc062723c751e8b465ee728b)  -> (artifact id: 'a44add7338fedb3256fe2530a193301c') in 0.006763 seconds
  Import took 0.010833 seconds .

========================================================================
Received Import Request.
  Time since last request: 2.030061 seconds.
  path: Assets/_Scenes/mainMenu.unity
  artifactKey: Guid(7a56e2a11a192334597d4ef15fb4c7f7) Importer(815301076,1909f56bfc062723c751e8b465ee728b)
Start importing Assets/_Scenes/mainMenu.unity using Guid(7a56e2a11a192334597d4ef15fb4c7f7) Importer(815301076,1909f56bfc062723c751e8b465ee728b)  -> (artifact id: 'b223c109f93481f769ace40058f82944') in 0.009104 seconds
  Import took 0.013099 seconds .

========================================================================
Received Prepare
Registering precompiled user dll's ...
Registered in 0.028851 seconds.
Begin MonoManager ReloadAssembly
Native extension for WindowsStandalone target not found
Refreshing native plugins compatible for Editor in 0.41 ms, found 2 plugins.
Preloading 0 native plugins for Editor in 0.00 ms.
Mono: successfully reloaded assembly
- Completed reload, in  1.133 seconds
Platform modules already initialized, skipping
Refreshing native plugins compatible for Editor in 0.49 ms, found 2 plugins.
Preloading 0 native plugins for Editor in 0.00 ms.
Unloading 1790 Unused Serialized files (Serialized files now loaded: 0)
System memory in use before: 92.9 MB.
System memory in use after: 92.3 MB.

Unloading 30 unused Assets to reduce memory usage. Loaded Objects now: 2265.
Total: 2.822700 ms (FindLiveObjects: 0.173900 ms CreateObjectMapping: 0.060800 ms MarkObjects: 2.232900 ms  DeleteObjects: 0.354200 ms)

========================================================================
Received Import Request.
  Time since last request: 297.494936 seconds.
  path: Assets/_Scenes/mapa
  artifactKey: Guid(bfbd075977a972f44a0c97898b60cb7a) Importer(815301076,1909f56bfc062723c751e8b465ee728b)
Start importing Assets/_Scenes/mapa using Guid(bfbd075977a972f44a0c97898b60cb7a) Importer(815301076,1909f56bfc062723c751e8b465ee728b)  -> (artifact id: '2fbf3418eb4f66131cf28b7b175db667') in 0.008412 seconds
  Import took 0.011638 seconds .

========================================================================
Received Import Request.
  Time since last request: 107.729576 seconds.
  path: Assets/_Scenes/Arms_and_AK.blend
  artifactKey: Guid(42383b8f037e26645bac209dd88e8ace) Importer(815301076,1909f56bfc062723c751e8b465ee728b)
Start importing Assets/_Scenes/Arms_and_AK.blend using Guid(42383b8f037e26645bac209dd88e8ace) Importer(815301076,1909f56bfc062723c751e8b465ee728b)  -> (artifact id: 'bea8123c77d69793498f29a8d58b8778') in 0.055862 seconds
  Import took 0.220561 seconds .

========================================================================
Received Import Request.
  Time since last request: 421.632281 seconds.
  path: Assets/_Scenes/Arms_and_AK 1.blend
  artifactKey: Guid(542708bb2aeb37a43b8c5a8d3faf4443) Importer(815301076,1909f56bfc062723c751e8b465ee728b)
Start importing Assets/_Scenes/Arms_and_AK 1.blend using Guid(542708bb2aeb37a43b8c5a8d3faf4443) Importer(815301076,1909f56bfc062723c751e8b465ee728b)  -> (artifact id: 'd997abcd89be4265988100c121209599') in 0.089674 seconds
  Import took 0.093876 seconds .

========================================================================
Received Import Request.
  Time since last request: 57.116484 seconds.
  path: Assets/_Scenes/shot.blend
  artifactKey: Guid(99af0000696cfc8409c57dd0288795be) Importer(815301076,1909f56bfc062723c751e8b465ee728b)
Start importing Assets/_Scenes/shot.blend using Guid(99af0000696cfc8409c57dd0288795be) Importer(815301076,1909f56bfc062723c751e8b465ee728b)  -> (artifact id: '30168e1c40f530073ccb2b3f404608b2') in 0.011742 seconds
  Import took 0.015518 seconds .

AssetImportWorkerClient::OnTransportError - code=2 error=End of file
